[0m00:07:40.820263 [debug] [MainThread]: Sending event: {'category': 'dbt', 'action': 'invocation', 'label': 'start', 'context': [<snowplow_tracker.self_describing_json.SelfDescribingJson object at 0x0000018168DEFE00>, <snowplow_tracker.self_describing_json.SelfDescribingJson object at 0x0000018165B8F890>, <snowplow_tracker.self_describing_json.SelfDescribingJson object at 0x000001816A25BB10>]}


============================== 00:07:40.826181 | c9c62699-eeb2-4b6b-a3cd-23b3fc83ddb0 ==============================
[0m00:07:40.826181 [info ] [MainThread]: Running with dbt=1.11.8
[0m00:07:40.826842 [debug] [MainThread]: running dbt with arguments {'version_check': 'True', 'no_print': 'None', 'static_parser': 'True', 'warn_error_options': 'WarnErrorOptionsV2(error=[], warn=[], silence=[])', 'target_path': 'None', 'printer_width': '80', 'write_json': 'True', 'introspect': 'True', 'log_cache_events': 'False', 'empty': 'None', 'cache_selected_only': 'False', 'fail_fast': 'False', 'debug': 'False', 'log_format': 'default', 'partial_parse': 'True', 'send_anonymous_usage_stats': 'True', 'quiet': 'False', 'warn_error': 'None', 'profiles_dir': 'C:\\Users\\VaishnaviLonare\\.dbt', 'indirect_selection': 'eager', 'invocation_command': 'dbt init --skip-profile-setup airbnb', 'use_colors': 'True', 'use_experimental_parser': 'False', 'log_path': 'logs'}
[0m00:07:41.170778 [info ] [MainThread]: Creating dbt configuration folder at C:\Users\VaishnaviLonare\.dbt
[0m00:07:41.194684 [debug] [MainThread]: Starter project path: C:\Users\VaishnaviLonare\DBT_1\.venv\Lib\site-packages\dbt\include\starter_project
[0m00:07:41.237878 [info ] [MainThread]: 
Your new dbt project "airbnb" was created!

For more information on how to configure the profiles.yml file,
please consult the dbt documentation here:

  https://docs.getdbt.com/docs/configure-your-profile

One more thing:

Need help? Don't hesitate to reach out to us via GitHub issues or on Slack:

  https://community.getdbt.com/

Happy modeling!

[0m00:07:41.238861 [debug] [MainThread]: Command `dbt init` succeeded at 00:07:41.238755 after 0.56 seconds
[0m00:07:41.239107 [debug] [MainThread]: Sending event: {'category': 'dbt', 'action': 'invocation', 'label': 'end', 'context': [<snowplow_tracker.self_describing_json.SelfDescribingJson object at 0x000001816B2F43E0>, <snowplow_tracker.self_describing_json.SelfDescribingJson object at 0x000001816B309C70>, <snowplow_tracker.self_describing_json.SelfDescribingJson object at 0x000001816A0F78A0>]}
[0m00:07:41.239336 [debug] [MainThread]: Flushing usage events
[0m00:07:42.792362 [debug] [MainThread]: An error was encountered while trying to flush usage events
[0m00:35:07.175819 [debug] [MainThread]: Sending event: {'category': 'dbt', 'action': 'invocation', 'label': 'start', 'context': [<snowplow_tracker.self_describing_json.SelfDescribingJson object at 0x000001877240FE00>, <snowplow_tracker.self_describing_json.SelfDescribingJson object at 0x000001876F1AF890>, <snowplow_tracker.self_describing_json.SelfDescribingJson object at 0x0000018773887B10>]}


============================== 00:35:07.182281 | 2e27aa5c-ac6a-414f-87ee-5a58a950e9bb ==============================
[0m00:35:07.182281 [info ] [MainThread]: Running with dbt=1.11.8
[0m00:35:07.182949 [debug] [MainThread]: running dbt with arguments {'version_check': 'True', 'no_print': 'None', 'static_parser': 'True', 'warn_error_options': 'WarnErrorOptionsV2(error=[], warn=[], silence=[])', 'target_path': 'None', 'printer_width': '80', 'write_json': 'True', 'introspect': 'True', 'log_cache_events': 'False', 'empty': 'None', 'cache_selected_only': 'False', 'fail_fast': 'False', 'debug': 'False', 'log_format': 'default', 'partial_parse': 'True', 'send_anonymous_usage_stats': 'True', 'quiet': 'False', 'warn_error': 'None', 'profiles_dir': 'C:\\Users\\VaishnaviLonare\\.dbt', 'invocation_command': 'dbt debug', 'indirect_selection': 'eager', 'use_colors': 'True', 'use_experimental_parser': 'False', 'log_path': 'logs'}
[0m00:35:07.227709 [info ] [MainThread]: dbt version: 1.11.8
[0m00:35:07.228259 [info ] [MainThread]: python version: 3.13.13
[0m00:35:07.228618 [info ] [MainThread]: python path: C:\Users\VaishnaviLonare\DBT_1\.venv\Scripts\python.exe
[0m00:35:07.228910 [info ] [MainThread]: os info: Windows-11-10.0.26100-SP0
[0m00:35:07.229210 [info ] [MainThread]: Using profiles dir at C:\Users\VaishnaviLonare\.dbt
[0m00:35:07.229468 [info ] [MainThread]: Using profiles.yml file at C:\Users\VaishnaviLonare\.dbt\profiles.yml
[0m00:35:07.229682 [info ] [MainThread]: Using dbt_project.yml file at C:\Users\VaishnaviLonare\DBT_1\dbt_project.yml
[0m00:35:07.229949 [info ] [MainThread]: Configuration:
[0m00:35:07.230202 [info ] [MainThread]:   profiles.yml file [[31mERROR not found[0m]
[0m00:35:07.230444 [info ] [MainThread]:   dbt_project.yml file [[31mERROR not found[0m]
[0m00:35:07.230656 [info ] [MainThread]: Required dependencies:
[0m00:35:07.230900 [debug] [MainThread]: Executing "git --help"
[0m00:35:07.278631 [debug] [MainThread]: STDOUT: "b"usage: git [-v | --version] [-h | --help] [-C <path>] [-c <name>=<value>]\n           [--exec-path[=<path>]] [--html-path] [--man-path] [--info-path]\n           [-p | --paginate | -P | --no-pager] [--no-replace-objects] [--no-lazy-fetch]\n           [--no-optional-locks] [--no-advice] [--bare] [--git-dir=<path>]\n           [--work-tree=<path>] [--namespace=<name>] [--config-env=<name>=<envvar>]\n           <command> [<args>]\n\nThese are common Git commands used in various situations:\n\nstart a working area (see also: git help tutorial)\n   clone      Clone a repository into a new directory\n   init       Create an empty Git repository or reinitialize an existing one\n\nwork on the current change (see also: git help everyday)\n   add        Add file contents to the index\n   mv         Move or rename a file, a directory, or a symlink\n   restore    Restore working tree files\n   rm         Remove files from the working tree and from the index\n\nexamine the history and state (see also: git help revisions)\n   bisect     Use binary search to find the commit that introduced a bug\n   diff       Show changes between commits, commit and working tree, etc\n   grep       Print lines matching a pattern\n   log        Show commit logs\n   show       Show various types of objects\n   status     Show the working tree status\n\ngrow, mark and tweak your common history\n   backfill   Download missing objects in a partial clone\n   branch     List, create, or delete branches\n   commit     Record changes to the repository\n   history    EXPERIMENTAL: Rewrite history\n   merge      Join two or more development histories together\n   rebase     Reapply commits on top of another base tip\n   reset      Set `HEAD` or the index to a known state\n   switch     Switch branches\n   tag        Create, list, delete or verify tags\n\ncollaborate (see also: git help workflows)\n   fetch      Download objects and refs from another repository\n   pull       Fetch from and integrate with another repository or a local branch\n   push       Update remote refs along with associated objects\n\n'git help -a' and 'git help -g' list available subcommands and some\nconcept guides. See 'git help <command>' or 'git help <concept>'\nto read about a specific subcommand or concept.\nSee 'git help git' for an overview of the system.\n""
[0m00:35:07.278986 [debug] [MainThread]: STDERR: "b''"
[0m00:35:07.279223 [info ] [MainThread]:  - git [[32mOK found[0m]

[0m00:35:07.279641 [info ] [MainThread]: Connection test skipped since no profile was found
[0m00:35:07.280013 [info ] [MainThread]: [31m2 checks failed:[0m
[0m00:35:07.280312 [info ] [MainThread]: dbt looked for a profiles.yml file in C:\Users\VaishnaviLonare\.dbt\profiles.yml, but did
not find one. For more information on configuring your profile, consult the
documentation:

https://docs.getdbt.com/docs/configure-your-profile


[0m00:35:07.280649 [info ] [MainThread]: Project loading failed for the following reason:
 project path <C:\Users\VaishnaviLonare\DBT_1\dbt_project.yml> not found

[0m00:35:07.281570 [debug] [MainThread]: Command `dbt debug` failed at 00:35:07.281483 after 0.25 seconds
[0m00:35:07.281808 [debug] [MainThread]: Sending event: {'category': 'dbt', 'action': 'invocation', 'label': 'end', 'context': [<snowplow_tracker.self_describing_json.SelfDescribingJson object at 0x00000187738AEB10>, <snowplow_tracker.self_describing_json.SelfDescribingJson object at 0x00000187737995B0>, <snowplow_tracker.self_describing_json.SelfDescribingJson object at 0x0000018773727F00>]}
[0m00:35:07.282039 [debug] [MainThread]: Flushing usage events
[0m00:35:08.934729 [debug] [MainThread]: An error was encountered while trying to flush usage events
[0m00:35:56.156564 [debug] [MainThread]: Sending event: {'category': 'dbt', 'action': 'invocation', 'label': 'start', 'context': [<snowplow_tracker.self_describing_json.SelfDescribingJson object at 0x000001EE3875FE00>, <snowplow_tracker.self_describing_json.SelfDescribingJson object at 0x000001EE3550F890>, <snowplow_tracker.self_describing_json.SelfDescribingJson object at 0x000001EE39BD3B10>]}


============================== 00:35:56.160167 | d9864cdb-3e38-4975-a445-7d88b47e888a ==============================
[0m00:35:56.160167 [info ] [MainThread]: Running with dbt=1.11.8
[0m00:35:56.160739 [debug] [MainThread]: running dbt with arguments {'static_parser': 'True', 'no_print': 'None', 'version_check': 'True', 'warn_error_options': 'WarnErrorOptionsV2(error=[], warn=[], silence=[])', 'target_path': 'None', 'printer_width': '80', 'write_json': 'True', 'introspect': 'True', 'log_cache_events': 'False', 'empty': 'None', 'cache_selected_only': 'False', 'fail_fast': 'False', 'debug': 'False', 'log_format': 'default', 'partial_parse': 'True', 'send_anonymous_usage_stats': 'True', 'quiet': 'False', 'warn_error': 'None', 'profiles_dir': 'C:\\Users\\VaishnaviLonare\\.dbt', 'indirect_selection': 'eager', 'invocation_command': 'dbt debug', 'use_colors': 'True', 'use_experimental_parser': 'False', 'log_path': 'logs'}
[0m00:35:56.175721 [info ] [MainThread]: dbt version: 1.11.8
[0m00:35:56.176154 [info ] [MainThread]: python version: 3.13.13
[0m00:35:56.176471 [info ] [MainThread]: python path: C:\Users\VaishnaviLonare\DBT_1\.venv\Scripts\python.exe
[0m00:35:56.176764 [info ] [MainThread]: os info: Windows-11-10.0.26100-SP0
[0m00:35:56.177067 [info ] [MainThread]: Using profiles dir at C:\Users\VaishnaviLonare\.dbt
[0m00:35:56.177322 [info ] [MainThread]: Using profiles.yml file at C:\Users\VaishnaviLonare\.dbt\profiles.yml
[0m00:35:56.177570 [info ] [MainThread]: Using dbt_project.yml file at C:\Users\VaishnaviLonare\DBT_1\dbt_project.yml
[0m00:35:56.177837 [info ] [MainThread]: Configuration:
[0m00:35:56.178102 [info ] [MainThread]:   profiles.yml file [[31mERROR not found[0m]
[0m00:35:56.178356 [info ] [MainThread]:   dbt_project.yml file [[31mERROR not found[0m]
[0m00:35:56.178614 [info ] [MainThread]: Required dependencies:
[0m00:35:56.178874 [debug] [MainThread]: Executing "git --help"
[0m00:35:56.225829 [debug] [MainThread]: STDOUT: "b"usage: git [-v | --version] [-h | --help] [-C <path>] [-c <name>=<value>]\n           [--exec-path[=<path>]] [--html-path] [--man-path] [--info-path]\n           [-p | --paginate | -P | --no-pager] [--no-replace-objects] [--no-lazy-fetch]\n           [--no-optional-locks] [--no-advice] [--bare] [--git-dir=<path>]\n           [--work-tree=<path>] [--namespace=<name>] [--config-env=<name>=<envvar>]\n           <command> [<args>]\n\nThese are common Git commands used in various situations:\n\nstart a working area (see also: git help tutorial)\n   clone      Clone a repository into a new directory\n   init       Create an empty Git repository or reinitialize an existing one\n\nwork on the current change (see also: git help everyday)\n   add        Add file contents to the index\n   mv         Move or rename a file, a directory, or a symlink\n   restore    Restore working tree files\n   rm         Remove files from the working tree and from the index\n\nexamine the history and state (see also: git help revisions)\n   bisect     Use binary search to find the commit that introduced a bug\n   diff       Show changes between commits, commit and working tree, etc\n   grep       Print lines matching a pattern\n   log        Show commit logs\n   show       Show various types of objects\n   status     Show the working tree status\n\ngrow, mark and tweak your common history\n   backfill   Download missing objects in a partial clone\n   branch     List, create, or delete branches\n   commit     Record changes to the repository\n   history    EXPERIMENTAL: Rewrite history\n   merge      Join two or more development histories together\n   rebase     Reapply commits on top of another base tip\n   reset      Set `HEAD` or the index to a known state\n   switch     Switch branches\n   tag        Create, list, delete or verify tags\n\ncollaborate (see also: git help workflows)\n   fetch      Download objects and refs from another repository\n   pull       Fetch from and integrate with another repository or a local branch\n   push       Update remote refs along with associated objects\n\n'git help -a' and 'git help -g' list available subcommands and some\nconcept guides. See 'git help <command>' or 'git help <concept>'\nto read about a specific subcommand or concept.\nSee 'git help git' for an overview of the system.\n""
[0m00:35:56.226209 [debug] [MainThread]: STDERR: "b''"
[0m00:35:56.226448 [info ] [MainThread]:  - git [[32mOK found[0m]

[0m00:35:56.226921 [info ] [MainThread]: Connection test skipped since no profile was found
[0m00:35:56.227284 [info ] [MainThread]: [31m2 checks failed:[0m
[0m00:35:56.227557 [info ] [MainThread]: dbt looked for a profiles.yml file in C:\Users\VaishnaviLonare\.dbt\profiles.yml, but did
not find one. For more information on configuring your profile, consult the
documentation:

https://docs.getdbt.com/docs/configure-your-profile


[0m00:35:56.227828 [info ] [MainThread]: Project loading failed for the following reason:
 project path <C:\Users\VaishnaviLonare\DBT_1\dbt_project.yml> not found

[0m00:35:56.228578 [debug] [MainThread]: Command `dbt debug` failed at 00:35:56.228491 after 0.21 seconds
[0m00:35:56.228815 [debug] [MainThread]: Sending event: {'category': 'dbt', 'action': 'invocation', 'label': 'end', 'context': [<snowplow_tracker.self_describing_json.SelfDescribingJson object at 0x000001EE39BEF490>, <snowplow_tracker.self_describing_json.SelfDescribingJson object at 0x000001EE39AD9250>, <snowplow_tracker.self_describing_json.SelfDescribingJson object at 0x000001EE39A67F00>]}
[0m00:35:56.229040 [debug] [MainThread]: Flushing usage events
[0m00:35:57.609677 [debug] [MainThread]: An error was encountered while trying to flush usage events
[0m00:37:47.419552 [debug] [MainThread]: Sending event: {'category': 'dbt', 'action': 'invocation', 'label': 'start', 'context': [<snowplow_tracker.self_describing_json.SelfDescribingJson object at 0x000001FB0270FE00>, <snowplow_tracker.self_describing_json.SelfDescribingJson object at 0x000001FB7F41F890>, <snowplow_tracker.self_describing_json.SelfDescribingJson object at 0x000001FB03B8BB10>]}


============================== 00:37:47.423227 | 4baf7af0-ddf6-45c0-8e39-a49dfb98b752 ==============================
[0m00:37:47.423227 [info ] [MainThread]: Running with dbt=1.11.8
[0m00:37:47.423791 [debug] [MainThread]: running dbt with arguments {'version_check': 'True', 'no_print': 'None', 'static_parser': 'True', 'warn_error_options': 'WarnErrorOptionsV2(error=[], warn=[], silence=[])', 'target_path': 'None', 'printer_width': '80', 'write_json': 'True', 'introspect': 'True', 'log_cache_events': 'False', 'empty': 'None', 'cache_selected_only': 'False', 'log_format': 'default', 'debug': 'False', 'fail_fast': 'False', 'partial_parse': 'True', 'send_anonymous_usage_stats': 'True', 'quiet': 'False', 'warn_error': 'None', 'profiles_dir': 'C:\\Users\\VaishnaviLonare\\.dbt', 'indirect_selection': 'eager', 'invocation_command': 'dbt debug', 'use_colors': 'True', 'use_experimental_parser': 'False', 'log_path': 'logs'}
[0m00:37:47.438722 [info ] [MainThread]: dbt version: 1.11.8
[0m00:37:47.439234 [info ] [MainThread]: python version: 3.13.13
[0m00:37:47.439542 [info ] [MainThread]: python path: C:\Users\VaishnaviLonare\DBT_1\.venv\Scripts\python.exe
[0m00:37:47.439799 [info ] [MainThread]: os info: Windows-11-10.0.26100-SP0
[0m00:37:47.440075 [info ] [MainThread]: Using profiles dir at C:\Users\VaishnaviLonare\.dbt
[0m00:37:47.440299 [info ] [MainThread]: Using profiles.yml file at C:\Users\VaishnaviLonare\.dbt\profiles.yml
[0m00:37:47.440551 [info ] [MainThread]: Using dbt_project.yml file at C:\Users\VaishnaviLonare\DBT_1\dbt_project.yml
[0m00:37:47.440828 [info ] [MainThread]: Configuration:
[0m00:37:47.441069 [info ] [MainThread]:   profiles.yml file [[31mERROR not found[0m]
[0m00:37:47.441313 [info ] [MainThread]:   dbt_project.yml file [[31mERROR not found[0m]
[0m00:37:47.441582 [info ] [MainThread]: Required dependencies:
[0m00:37:47.441839 [debug] [MainThread]: Executing "git --help"
[0m00:37:47.485734 [debug] [MainThread]: STDOUT: "b"usage: git [-v | --version] [-h | --help] [-C <path>] [-c <name>=<value>]\n           [--exec-path[=<path>]] [--html-path] [--man-path] [--info-path]\n           [-p | --paginate | -P | --no-pager] [--no-replace-objects] [--no-lazy-fetch]\n           [--no-optional-locks] [--no-advice] [--bare] [--git-dir=<path>]\n           [--work-tree=<path>] [--namespace=<name>] [--config-env=<name>=<envvar>]\n           <command> [<args>]\n\nThese are common Git commands used in various situations:\n\nstart a working area (see also: git help tutorial)\n   clone      Clone a repository into a new directory\n   init       Create an empty Git repository or reinitialize an existing one\n\nwork on the current change (see also: git help everyday)\n   add        Add file contents to the index\n   mv         Move or rename a file, a directory, or a symlink\n   restore    Restore working tree files\n   rm         Remove files from the working tree and from the index\n\nexamine the history and state (see also: git help revisions)\n   bisect     Use binary search to find the commit that introduced a bug\n   diff       Show changes between commits, commit and working tree, etc\n   grep       Print lines matching a pattern\n   log        Show commit logs\n   show       Show various types of objects\n   status     Show the working tree status\n\ngrow, mark and tweak your common history\n   backfill   Download missing objects in a partial clone\n   branch     List, create, or delete branches\n   commit     Record changes to the repository\n   history    EXPERIMENTAL: Rewrite history\n   merge      Join two or more development histories together\n   rebase     Reapply commits on top of another base tip\n   reset      Set `HEAD` or the index to a known state\n   switch     Switch branches\n   tag        Create, list, delete or verify tags\n\ncollaborate (see also: git help workflows)\n   fetch      Download objects and refs from another repository\n   pull       Fetch from and integrate with another repository or a local branch\n   push       Update remote refs along with associated objects\n\n'git help -a' and 'git help -g' list available subcommands and some\nconcept guides. See 'git help <command>' or 'git help <concept>'\nto read about a specific subcommand or concept.\nSee 'git help git' for an overview of the system.\n""
[0m00:37:47.486082 [debug] [MainThread]: STDERR: "b''"
[0m00:37:47.486318 [info ] [MainThread]:  - git [[32mOK found[0m]

[0m00:37:47.486720 [info ] [MainThread]: Connection test skipped since no profile was found
[0m00:37:47.487032 [info ] [MainThread]: [31m2 checks failed:[0m
[0m00:37:47.487285 [info ] [MainThread]: dbt looked for a profiles.yml file in C:\Users\VaishnaviLonare\.dbt\profiles.yml, but did
not find one. For more information on configuring your profile, consult the
documentation:

https://docs.getdbt.com/docs/configure-your-profile


[0m00:37:47.487565 [info ] [MainThread]: Project loading failed for the following reason:
 project path <C:\Users\VaishnaviLonare\DBT_1\dbt_project.yml> not found

[0m00:37:47.488355 [debug] [MainThread]: Command `dbt debug` failed at 00:37:47.488270 after 0.20 seconds
[0m00:37:47.488588 [debug] [MainThread]: Sending event: {'category': 'dbt', 'action': 'invocation', 'label': 'end', 'context': [<snowplow_tracker.self_describing_json.SelfDescribingJson object at 0x000001FB03BAF490>, <snowplow_tracker.self_describing_json.SelfDescribingJson object at 0x000001FB03A99250>, <snowplow_tracker.self_describing_json.SelfDescribingJson object at 0x000001FB03A27F00>]}
[0m00:37:47.488819 [debug] [MainThread]: Flushing usage events
[0m00:37:48.965852 [debug] [MainThread]: An error was encountered while trying to flush usage events
[0m00:38:06.367341 [debug] [MainThread]: Sending event: {'category': 'dbt', 'action': 'invocation', 'label': 'start', 'context': [<snowplow_tracker.self_describing_json.SelfDescribingJson object at 0x000001FB9389FE00>, <snowplow_tracker.self_describing_json.SelfDescribingJson object at 0x000001FB9064F890>, <snowplow_tracker.self_describing_json.SelfDescribingJson object at 0x000001FB94D23B10>]}


============================== 00:38:06.370999 | 4172a525-b5e5-4a19-93d5-362f69715d22 ==============================
[0m00:38:06.370999 [info ] [MainThread]: Running with dbt=1.11.8
[0m00:38:06.371516 [debug] [MainThread]: running dbt with arguments {'version_check': 'True', 'no_print': 'None', 'static_parser': 'True', 'warn_error_options': 'WarnErrorOptionsV2(error=[], warn=[], silence=[])', 'target_path': 'None', 'printer_width': '80', 'write_json': 'True', 'introspect': 'True', 'log_cache_events': 'False', 'empty': 'None', 'cache_selected_only': 'False', 'log_format': 'default', 'debug': 'False', 'fail_fast': 'False', 'profiles_dir': 'C:\\Users\\VaishnaviLonare\\.dbt', 'send_anonymous_usage_stats': 'True', 'quiet': 'False', 'warn_error': 'None', 'partial_parse': 'True', 'invocation_command': 'dbt deps', 'use_colors': 'True', 'indirect_selection': 'eager', 'use_experimental_parser': 'False', 'log_path': 'logs'}
[0m00:38:06.371920 [error] [MainThread]: Encountered an error:
Runtime Error
  No dbt_project.yml found at expected path C:\Users\VaishnaviLonare\DBT_1\dbt_project.yml
  Verify that each entry within packages.yml (and their transitive dependencies) contains a file named dbt_project.yml
  
[0m00:38:06.372694 [debug] [MainThread]: Command `dbt deps` failed at 00:38:06.372612 after 0.13 seconds
[0m00:38:06.372904 [debug] [MainThread]: Sending event: {'category': 'dbt', 'action': 'invocation', 'label': 'end', 'context': [<snowplow_tracker.self_describing_json.SelfDescribingJson object at 0x000001FB94D3E3F0>, <snowplow_tracker.self_describing_json.SelfDescribingJson object at 0x000001FB94C295B0>, <snowplow_tracker.self_describing_json.SelfDescribingJson object at 0x000001FB94BB79B0>]}
[0m00:38:06.373109 [debug] [MainThread]: Flushing usage events
[0m00:38:07.754811 [debug] [MainThread]: An error was encountered while trying to flush usage events
[0m12:31:46.225273 [debug] [MainThread]: Sending event: {'category': 'dbt', 'action': 'invocation', 'label': 'start', 'context': [<snowplow_tracker.self_describing_json.SelfDescribingJson object at 0x000002C1DE91FE00>, <snowplow_tracker.self_describing_json.SelfDescribingJson object at 0x000002C1DB68F890>, <snowplow_tracker.self_describing_json.SelfDescribingJson object at 0x000002C1DFDA3B10>]}


============================== 12:31:46.231272 | c39e7ba3-eb6c-4a14-ac5b-386d4c4082ab ==============================
[0m12:31:46.231272 [info ] [MainThread]: Running with dbt=1.11.8
[0m12:31:46.231892 [debug] [MainThread]: running dbt with arguments {'version_check': 'True', 'no_print': 'None', 'static_parser': 'True', 'target_path': 'None', 'warn_error_options': 'WarnErrorOptionsV2(error=[], warn=[], silence=[])', 'printer_width': '80', 'write_json': 'True', 'introspect': 'True', 'log_cache_events': 'False', 'empty': 'None', 'cache_selected_only': 'False', 'fail_fast': 'False', 'debug': 'False', 'log_format': 'default', 'profiles_dir': 'C:\\Users\\VaishnaviLonare\\.dbt', 'send_anonymous_usage_stats': 'True', 'quiet': 'False', 'warn_error': 'None', 'partial_parse': 'True', 'use_colors': 'True', 'invocation_command': 'dbt deps', 'indirect_selection': 'eager', 'use_experimental_parser': 'False', 'log_path': 'logs'}
[0m12:31:46.232351 [error] [MainThread]: Encountered an error:
Runtime Error
  No dbt_project.yml found at expected path C:\Users\VaishnaviLonare\DBT_1\dbt_project.yml
  Verify that each entry within packages.yml (and their transitive dependencies) contains a file named dbt_project.yml
  
[0m12:31:46.233196 [debug] [MainThread]: Command `dbt deps` failed at 12:31:46.233103 after 0.17 seconds
[0m12:31:46.233473 [debug] [MainThread]: Sending event: {'category': 'dbt', 'action': 'invocation', 'label': 'end', 'context': [<snowplow_tracker.self_describing_json.SelfDescribingJson object at 0x000002C1DFDBE3F0>, <snowplow_tracker.self_describing_json.SelfDescribingJson object at 0x000002C1DFCA95B0>, <snowplow_tracker.self_describing_json.SelfDescribingJson object at 0x000002C1DFC379B0>]}
[0m12:31:46.233709 [debug] [MainThread]: Flushing usage events
[0m12:31:47.550912 [debug] [MainThread]: An error was encountered while trying to flush usage events
